<xml><ToUserName><![CDATA[gh_d73211005fc1]]></ToUserName>
<FromUserName><![CDATA[ov8Pk550CtW7sxoSuwrWonqh6ffk]]></FromUserName>
<CreateTime>1605066750</CreateTime>
<MsgType><![CDATA[event]]></MsgType>
<Event><![CDATA[subscribe]]></Event>
<EventKey><![CDATA[]]></EventKey>
</xml><xml><ToUserName><![CDATA[gh_d73211005fc1]]></ToUserName>
<FromUserName><![CDATA[ov8Pk550CtW7sxoSuwrWonqh6ffk]]></FromUserName>
<CreateTime>1605066750</CreateTime>
<MsgType><![CDATA[event]]></MsgType>
<Event><![CDATA[subscribe]]></Event>
<EventKey><![CDATA[]]></EventKey>
</xml><xml><ToUserName><![CDATA[gh_d73211005fc1]]></ToUserName>
<FromUserName><![CDATA[ov8Pk550CtW7sxoSuwrWonqh6ffk]]></FromUserName>
<CreateTime>1605066750</CreateTime>
<MsgType><![CDATA[event]]></MsgType>
<Event><![CDATA[subscribe]]></Event>
<EventKey><![CDATA[]]></EventKey>
</xml><xml><ToUserName><![CDATA[gh_d73211005fc1]]></ToUserName>
<FromUserName><![CDATA[ov8Pk550CtW7sxoSuwrWonqh6ffk]]></FromUserName>
<CreateTime>1605320267</CreateTime>
<MsgType><![CDATA[text]]></MsgType>
<Content><![CDATA[n]]></Content>
<MsgId>22982659885766378</MsgId>
</xml><xml><ToUserName><![CDATA[gh_d73211005fc1]]></ToUserName>
<FromUserName><![CDATA[ov8Pk550CtW7sxoSuwrWonqh6ffk]]></FromUserName>
<CreateTime>1606090070</CreateTime>
<MsgType><![CDATA[event]]></MsgType>
<Event><![CDATA[subscribe]]></Event>
<EventKey><![CDATA[]]></EventKey>
</xml><xml><ToUserName><![CDATA[gh_d73211005fc1]]></ToUserName>
<FromUserName><![CDATA[ov8Pk550CtW7sxoSuwrWonqh6ffk]]></FromUserName>
<CreateTime>1606090070</CreateTime>
<MsgType><![CDATA[event]]></MsgType>
<Event><![CDATA[subscribe]]></Event>
<EventKey><![CDATA[]]></EventKey>
</xml><xml><ToUserName><![CDATA[gh_d73211005fc1]]></ToUserName>
<FromUserName><![CDATA[ov8Pk550CtW7sxoSuwrWonqh6ffk]]></FromUserName>
<CreateTime>1606090070</CreateTime>
<MsgType><![CDATA[event]]></MsgType>
<Event><![CDATA[subscribe]]></Event>
<EventKey><![CDATA[]]></EventKey>
</xml>